TN:
SF:src/app.js
FNF:0
FNH:0
DA:1,1
DA:2,1
DA:3,1
DA:5,1
DA:6,1
DA:9,1
DA:10,0
DA:13,1
DA:16,1
DA:19,1
DA:20,1
DA:22,1
LF:12
LH:11
BRDA:9,0,0,0
BRDA:9,0,1,1
BRF:2
BRH:1
end_of_record
TN:
SF:src/controllers/responseController.js
FN:4,(anonymous_0)
FN:31,(anonymous_1)
FNF:2
FNH:2
FNDA:6,(anonymous_0)
FNDA:17,(anonymous_1)
DA:1,2
DA:2,2
DA:4,2
DA:5,6
DA:6,6
DA:8,6
DA:9,4
DA:10,3
DA:13,1
DA:15,1
DA:16,1
DA:21,2
DA:22,1
DA:26,1
DA:27,1
DA:31,2
DA:32,17
DA:33,17
DA:34,17
DA:37,17
DA:38,1
DA:40,16
DA:41,3
DA:45,13
DA:46,12
DA:47,3
DA:51,9
DA:52,1
DA:55,8
DA:56,8
DA:58,14
DA:59,14
DA:60,1
DA:64,13
DA:67,6
DA:68,1
DA:73,5
DA:74,5
DA:78,2
DA:79,1
DA:84,1
DA:85,1
DA:89,4
DA:90,4
DA:91,2
DA:96,2
DA:97,2
DA:101,1
DA:108,2
DA:114,2
DA:120,1
DA:121,1
DA:126,2
LF:53
LH:53
BRDA:9,0,0,3
BRDA:9,0,1,1
BRDA:21,1,0,1
BRDA:21,1,1,1
BRDA:37,2,0,1
BRDA:37,2,1,16
BRDA:40,3,0,3
BRDA:40,3,1,13
BRDA:40,4,0,16
BRDA:40,4,1,14
BRDA:40,4,2,14
BRDA:46,5,0,3
BRDA:46,5,1,9
BRDA:51,6,0,1
BRDA:51,6,1,8
BRDA:59,7,0,1
BRDA:59,7,1,13
BRDA:64,8,0,6
BRDA:64,8,1,2
BRDA:64,8,2,4
BRDA:64,8,3,1
BRDA:67,9,0,1
BRDA:67,9,1,5
BRDA:67,10,0,6
BRDA:67,10,1,5
BRDA:78,11,0,1
BRDA:78,11,1,1
BRDA:90,12,0,2
BRDA:90,12,1,2
BRDA:90,13,0,4
BRDA:90,13,1,3
BRDA:90,13,2,3
BRF:32
BRH:32
end_of_record
TN:
SF:src/controllers/surveyController.js
FN:4,(anonymous_0)
FN:31,(anonymous_1)
FN:85,(anonymous_2)
FN:106,(anonymous_3)
FNF:4
FNH:4
FNDA:11,(anonymous_0)
FNDA:8,(anonymous_1)
FNDA:5,(anonymous_2)
FNDA:10,(anonymous_3)
DA:1,2
DA:2,2
DA:4,2
DA:5,11
DA:6,11
DA:7,11
DA:8,5
DA:10,6
DA:11,10
DA:12,1
DA:16,5
DA:18,5
DA:19,5
DA:20,4
DA:21,4
DA:26,1
DA:27,1
DA:31,2
DA:32,8
DA:33,8
DA:34,8
DA:37,8
DA:38,1
DA:44,7
DA:45,2
DA:46,0
DA:52,2
DA:53,2
DA:54,0
DA:61,7
DA:67,5
DA:68,4
DA:70,1
DA:71,1
DA:77,2
DA:78,1
DA:80,1
DA:81,1
DA:85,2
DA:86,5
DA:87,5
DA:88,5
DA:90,4
DA:91,3
DA:94,1
DA:95,1
DA:101,1
DA:102,1
DA:106,2
DA:107,10
DA:108,10
DA:109,10
DA:111,9
DA:112,8
DA:114,1
DA:115,1
DA:118,1
DA:119,1
DA:124,2
LF:59
LH:57
BRDA:7,0,0,5
BRDA:7,0,1,6
BRDA:7,1,0,11
BRDA:7,1,1,9
BRDA:7,1,2,8
BRDA:7,1,3,8
BRDA:11,2,0,1
BRDA:11,2,1,9
BRDA:11,3,0,10
BRDA:11,3,1,10
BRDA:11,3,2,10
BRDA:37,4,0,1
BRDA:37,4,1,7
BRDA:37,5,0,8
BRDA:37,5,1,1
BRDA:44,6,0,2
BRDA:44,6,1,5
BRDA:45,7,0,0
BRDA:45,7,1,2
BRDA:45,8,0,2
BRDA:45,8,1,2
BRDA:53,9,0,0
BRDA:53,9,1,2
BRDA:53,10,0,2
BRDA:53,10,1,2
BRDA:53,10,2,2
BRDA:67,11,0,4
BRDA:67,11,1,1
BRDA:77,12,0,1
BRDA:77,12,1,1
BRDA:90,13,0,3
BRDA:90,13,1,1
BRDA:111,14,0,8
BRDA:111,14,1,1
BRF:34
BRH:32
end_of_record
TN:
SF:src/middlewares/authMiddleware.js
FN:1,(anonymous_0)
FNF:1
FNH:1
FNDA:14,(anonymous_0)
DA:1,1
DA:3,14
DA:6,14
DA:7,2
DA:12,12
DA:14,12
DA:16,12
DA:20,1
LF:8
LH:8
BRDA:6,0,0,2
BRDA:6,0,1,12
BRDA:6,1,0,14
BRDA:6,1,1,13
BRF:4
BRH:4
end_of_record
TN:
SF:src/middlewares/roleMiddleware.js
FN:1,(anonymous_0)
FNF:1
FNH:1
FNDA:12,(anonymous_0)
DA:1,1
DA:2,12
DA:3,12
DA:4,0
DA:7,12
DA:8,0
DA:10,12
DA:11,12
DA:15,1
LF:9
LH:7
BRDA:3,0,0,0
BRDA:3,0,1,12
BRDA:3,1,0,12
BRDA:3,1,1,12
BRDA:7,2,0,0
BRDA:7,2,1,12
BRF:6
BRH:4
end_of_record
TN:
SF:src/models/response.js
FNF:0
FNH:0
DA:1,2
DA:3,2
DA:20,2
DA:38,2
DA:40,2
LF:5
LH:5
BRF:0
BRH:0
end_of_record
TN:
SF:src/models/survey.js
FNF:0
FNH:0
DA:1,3
DA:3,3
DA:21,3
DA:36,3
DA:54,3
DA:56,3
LF:6
LH:6
BRF:0
BRH:0
end_of_record
TN:
SF:src/routes/adminRoutes.js
FNF:0
FNH:0
DA:1,1
DA:2,1
DA:4,1
DA:5,1
DA:6,1
DA:7,1
DA:15,1
DA:21,1
DA:28,1
DA:34,1
DA:37,1
LF:11
LH:11
BRF:0
BRH:0
end_of_record
TN:
SF:src/routes/authRoutes.js
FN:6,(anonymous_0)
FNF:1
FNH:0
FNDA:0,(anonymous_0)
DA:1,0
DA:2,0
DA:3,0
DA:6,0
DA:7,0
DA:11,0
DA:14,0
LF:7
LH:0
BRF:0
BRH:0
end_of_record
TN:
SF:src/routes/participantRoutes.js
FNF:0
FNH:0
DA:1,1
DA:2,1
DA:3,1
DA:4,1
DA:11,1
DA:16,1
DA:18,1
LF:7
LH:7
BRF:0
BRH:0
end_of_record
TN:
SF:src/utils/tokenGenerator.js
FN:2,generateToken
FNF:1
FNH:1
FNDA:3,generateToken
DA:3,3
DA:4,3
DA:5,3
DA:6,15
DA:8,3
DA:11,2
LF:6
LH:6
BRDA:2,0,0,3
BRF:1
BRH:1
end_of_record
